<?xml version="1.0" encoding="UTF-8"?>
<!-- Generated by org.testng.reporters.JUnitXMLReporter -->
<testsuite hostname="DESKTOP-HQ6I552" name="Default test" tests="15" failures="0" timestamp="26 Oct 2016 21:40:17 GMT" time="1.178" errors="0">
  <testcase name="positiveTest" time="0.627" classname="by.epam.lab.testing.test.unit.ShowSubjectListTest"/>
  <testcase name="secondPositiveTest" time="0.006" classname="by.epam.lab.testing.test.unit.ShowSubjectListTest"/>
  <testcase name="negativTest" time="0.005" classname="by.epam.lab.testing.test.unit.GoTestingUnitTest"/>
  <testcase name="positiveTest" time="0.011" classname="by.epam.lab.testing.test.unit.GoTestingUnitTest"/>
  <testcase name="positiveTest" time="0.046" classname="by.epam.lab.testing.test.unit.RegistrationTest"/>
  <testcase name="negativTestOne" time="0.017" classname="by.epam.lab.testing.test.unit.AuthirizationTest"/>
  <testcase name="negativTestTwo" time="0.004" classname="by.epam.lab.testing.test.unit.AuthirizationTest"/>
  <testcase name="positiveTest" time="0.004" classname="by.epam.lab.testing.test.unit.AuthirizationTest"/>
  <testcase name="negativeTest" time="0.004" classname="by.epam.lab.testing.test.unit.ShowQuestionListTest"/>
  <testcase name="positiveTest" time="0.005" classname="by.epam.lab.testing.test.unit.ShowQuestionListTest"/>
  <testcase name="positiveTestSecond" time="0.01" classname="by.epam.lab.testing.test.unit.ShowQuestionListTest"/>
  <testcase name="negativeTestOne" time="0.002" classname="by.epam.lab.testing.test.unit.SetNewQuestionTest"/>
  <testcase name="positivTest" time="0.016" classname="by.epam.lab.testing.test.unit.SetNewQuestionTest"/>
  <testcase name="negativeTestOne" time="0.003" classname="by.epam.lab.testing.test.unit.SetNewSubjectTest"/>
  <testcase name="positiveTest" time="0.025" classname="by.epam.lab.testing.test.unit.SetNewSubjectTest"/>
</testsuite> <!-- Default test -->
