<?xml version="1.0" encoding="UTF-8"?>
<testng-results skipped="0" failed="0" total="1" passed="1">
  <reporter-output>
  </reporter-output>
  <suite name="Default suite" duration-ms="17460" started-at="2016-11-10T09:47:52Z" finished-at="2016-11-10T09:48:09Z">
    <groups>
    </groups>
    <test name="Default test" duration-ms="17460" started-at="2016-11-10T09:47:52Z" finished-at="2016-11-10T09:48:09Z">
      <class name="com.epam.tf.tests.InformationSearchByDiagnos">
        <test-method status="PASS" signature="initData()[pri:0, instance:com.epam.tf.tests.InformationSearchByDiagnos@4667ae56]" name="initData" is-config="true" duration-ms="1406" started-at="2016-11-10T12:47:52Z" finished-at="2016-11-10T12:47:53Z">
          <reporter-output>
          </reporter-output>
        </test-method> <!-- initData -->
        <test-method status="PASS" signature="setUp()[pri:0, instance:com.epam.tf.tests.InformationSearchByDiagnos@4667ae56]" name="setUp" is-config="true" duration-ms="11257" started-at="2016-11-10T12:47:53Z" finished-at="2016-11-10T12:48:04Z">
          <reporter-output>
          </reporter-output>
        </test-method> <!-- setUp -->
        <test-method status="PASS" signature="startTest()[pri:0, instance:com.epam.tf.tests.InformationSearchByDiagnos@4667ae56]" name="startTest" duration-ms="3362" started-at="2016-11-10T12:48:04Z" finished-at="2016-11-10T12:48:08Z">
          <reporter-output>
          </reporter-output>
        </test-method> <!-- startTest -->
        <test-method status="PASS" signature="tearDown()[pri:0, instance:com.epam.tf.tests.InformationSearchByDiagnos@4667ae56]" name="tearDown" is-config="true" duration-ms="1398" started-at="2016-11-10T12:48:08Z" finished-at="2016-11-10T12:48:09Z">
          <reporter-output>
          </reporter-output>
        </test-method> <!-- tearDown -->
      </class> <!-- com.epam.tf.tests.InformationSearchByDiagnos -->
    </test> <!-- Default test -->
  </suite> <!-- Default suite -->
</testng-results>
