<?xml version="1.0" encoding="UTF-8"?>
<testng-results skipped="0" failed="0" total="1" passed="1">
  <reporter-output>
  </reporter-output>
  <suite name="Default suite" duration-ms="22325" started-at="2016-12-27T15:32:42Z" finished-at="2016-12-27T15:33:05Z">
    <groups>
    </groups>
    <test name="Default test" duration-ms="22325" started-at="2016-12-27T15:32:42Z" finished-at="2016-12-27T15:33:05Z">
      <class name="com.epam.tf.tests.ShouldCheckPatientSearch">
        <test-method status="PASS" signature="initData()[pri:0, instance:com.epam.tf.tests.ShouldCheckPatientSearch@3d34d211]" name="initData" is-config="true" duration-ms="2272" started-at="2016-12-27T18:32:42Z" finished-at="2016-12-27T18:32:44Z">
          <reporter-output>
          </reporter-output>
        </test-method> <!-- initData -->
        <test-method status="PASS" signature="setUp()[pri:0, instance:com.epam.tf.tests.ShouldCheckPatientSearch@3d34d211]" name="setUp" is-config="true" duration-ms="15998" started-at="2016-12-27T18:32:44Z" finished-at="2016-12-27T18:33:00Z">
          <reporter-output>
          </reporter-output>
        </test-method> <!-- setUp -->
        <test-method status="PASS" signature="oneCanFindPatientBySurName()[pri:0, instance:com.epam.tf.tests.ShouldCheckPatientSearch@3d34d211]" name="oneCanFindPatientBySurName" duration-ms="2416" started-at="2016-12-27T18:33:00Z" finished-at="2016-12-27T18:33:03Z">
          <reporter-output>
          </reporter-output>
        </test-method> <!-- oneCanFindPatientBySurName -->
        <test-method status="PASS" signature="tearDown()[pri:0, instance:com.epam.tf.tests.ShouldCheckPatientSearch@3d34d211]" name="tearDown" is-config="true" duration-ms="1612" started-at="2016-12-27T18:33:03Z" finished-at="2016-12-27T18:33:05Z">
          <reporter-output>
          </reporter-output>
        </test-method> <!-- tearDown -->
      </class> <!-- com.epam.tf.tests.ShouldCheckPatientSearch -->
    </test> <!-- Default test -->
  </suite> <!-- Default suite -->
</testng-results>
