<?xml version="1.0" encoding="UTF-8"?>
<testng-results skipped="1" failed="0" total="1" passed="0">
  <reporter-output>
  </reporter-output>
  <suite name="Default suite" duration-ms="18172" started-at="2016-11-10T21:49:37Z" finished-at="2016-11-10T21:49:55Z">
    <groups>
    </groups>
    <test name="Default test" duration-ms="18172" started-at="2016-11-10T21:49:37Z" finished-at="2016-11-10T21:49:55Z">
      <class name="com.epam.tf.tests.InformationSearchByDiagnos">
        <test-method status="PASS" signature="initData()[pri:0, instance:com.epam.tf.tests.InformationSearchByDiagnos@4667ae56]" name="initData" is-config="true" duration-ms="1278" started-at="2016-11-11T00:49:37Z" finished-at="2016-11-11T00:49:38Z">
          <reporter-output>
          </reporter-output>
        </test-method> <!-- initData -->
        <test-method status="FAIL" signature="setUp()[pri:0, instance:com.epam.tf.tests.InformationSearchByDiagnos@4667ae56]" name="setUp" is-config="true" duration-ms="0" started-at="2016-11-11T00:49:38Z" finished-at="2016-11-11T00:49:38Z">
          <exception class="java.lang.NullPointerException">
            <full-stacktrace>
              <![CDATA[java.lang.NullPointerException
	at sun.reflect.NativeMethodAccessorImpl.invoke0(Native Method)
	at sun.reflect.NativeMethodAccessorImpl.invoke(Unknown Source)
	at sun.reflect.DelegatingMethodAccessorImpl.invoke(Unknown Source)
	at java.lang.reflect.Method.invoke(Unknown Source)
	at org.openqa.selenium.support.pagefactory.internal.LocatingElementHandler.invoke(LocatingElementHandler.java:51)
	at com.sun.proxy.$Proxy25.sendKeys(Unknown Source)
	at com.epam.tf.pages.LoginPage.authorization(LoginPage.java:20)
	at com.epam.tf.steps.LoginPageSteps.authorization(LoginPageSteps.java:22)
	at com.epam.tf.tests.BaseTest.setUp(BaseTest.java:37)
	at sun.reflect.NativeMethodAccessorImpl.invoke0(Native Method)
	at sun.reflect.NativeMethodAccessorImpl.invoke(Unknown Source)
	at sun.reflect.DelegatingMethodAccessorImpl.invoke(Unknown Source)
	at java.lang.reflect.Method.invoke(Unknown Source)
	at org.testng.internal.MethodInvocationHelper.invokeMethod(MethodInvocationHelper.java:100)
	at org.testng.internal.Invoker.invokeConfigurationMethod(Invoker.java:515)
	at org.testng.internal.Invoker.invokeConfigurations(Invoker.java:216)
	at org.testng.internal.Invoker.invokeMethod(Invoker.java:590)
	at org.testng.internal.Invoker.invokeTestMethod(Invoker.java:811)
	at org.testng.internal.Invoker.invokeTestMethods(Invoker.java:1129)
	at org.testng.internal.TestMethodWorker.invokeTestMethods(TestMethodWorker.java:129)
	at org.testng.internal.TestMethodWorker.run(TestMethodWorker.java:112)
	at org.testng.TestRunner.privateRun(TestRunner.java:746)
	at org.testng.TestRunner.run(TestRunner.java:600)
	at org.testng.SuiteRunner.runTest(SuiteRunner.java:366)
	at org.testng.SuiteRunner.runSequentially(SuiteRunner.java:361)
	at org.testng.SuiteRunner.privateRun(SuiteRunner.java:319)
	at org.testng.SuiteRunner.run(SuiteRunner.java:268)
	at org.testng.SuiteRunnerWorker.runSuite(SuiteRunnerWorker.java:52)
	at org.testng.SuiteRunnerWorker.run(SuiteRunnerWorker.java:86)
	at org.testng.TestNG.runSuitesSequentially(TestNG.java:1264)
	at org.testng.TestNG.runSuitesLocally(TestNG.java:1189)
	at org.testng.TestNG.runSuites(TestNG.java:1104)
	at org.testng.TestNG.run(TestNG.java:1076)
	at org.testng.remote.AbstractRemoteTestNG.run(AbstractRemoteTestNG.java:126)
	at org.testng.remote.RemoteTestNG.initAndRun(RemoteTestNG.java:152)
	at org.testng.remote.RemoteTestNG.main(RemoteTestNG.java:57)
]]>
            </full-stacktrace>
          </exception> <!-- java.lang.NullPointerException -->
          <reporter-output>
          </reporter-output>
        </test-method> <!-- setUp -->
        <test-method status="SKIP" signature="startTest()[pri:0, instance:com.epam.tf.tests.InformationSearchByDiagnos@4667ae56]" name="startTest" duration-ms="3" started-at="2016-11-11T00:49:55Z" finished-at="2016-11-11T00:49:55Z">
          <reporter-output>
          </reporter-output>
        </test-method> <!-- startTest -->
        <test-method status="SKIP" signature="tearDown()[pri:0, instance:com.epam.tf.tests.InformationSearchByDiagnos@4667ae56]" name="tearDown" is-config="true" duration-ms="0" started-at="2016-11-11T00:49:55Z" finished-at="2016-11-11T00:49:55Z">
          <reporter-output>
          </reporter-output>
        </test-method> <!-- tearDown -->
      </class> <!-- com.epam.tf.tests.InformationSearchByDiagnos -->
    </test> <!-- Default test -->
  </suite> <!-- Default suite -->
</testng-results>
